#
# There is insufficient memory for the Java Runtime Environment to continue.
# Native memory allocation (malloc) failed to allocate 1048576 bytes for AllocateHeap
# Possible reasons:
#   The system is out of physical RAM or swap space
#   In 32 bit mode, the process size limit was hit
# Possible solutions:
#   Reduce memory load on the system
#   Increase physical memory or swap space
#   Check if swap backing store is full
#   Use 64 bit Java on a 64 bit OS
#   Decrease Java heap size (-Xmx/-Xms)
#   Decrease number of Java threads
#   Decrease Java thread stack sizes (-Xss)
#   Set larger code cache with -XX:ReservedCodeCacheSize=
# This output file may be truncated or incomplete.
#
#  Out of Memory Error (memory/allocation.inline.hpp:61), pid=24156, tid=0x0000000000005854
#
# JRE version:  (8.0) (build )
# Java VM: OpenJDK 64-Bit Server VM (25.71-b00 mixed mode windows-amd64 compressed oops)
# Failed to write core dump. Minidumps are not enabled by default on client versions of Windows
#

---------------  T H R E A D  ---------------

Current thread (0x000000000271e800):  JavaThread "Unknown thread" [_thread_in_vm, id=22612, stack(0x0000000002550000,0x0000000002650000)]

Stack: [0x0000000002550000,0x0000000002650000]
[error occurred during error reporting (printing stack bounds), id 0xc0000005]

Native frames: (J=compiled Java code, j=interpreted, Vv=VM code, C=native code)


---------------  P R O C E S S  ---------------

Java Threads: ( => current thread )

Other Threads:

=>0x000000000271e800 (exited) JavaThread "Unknown thread" [_thread_in_vm, id=22612, stack(0x0000000002550000,0x0000000002650000)]

VM state:not at safepoint (normal execution)

VM Mutex/Monitor currently owned by a thread: None

Heap:
 PSYoungGen      total 37888K, used 655K [0x00000000d6200000, 0x00000000d8c00000, 0x0000000100000000)
  eden space 32768K, 2% used [0x00000000d6200000,0x00000000d62a3d80,0x00000000d8200000)
  from space 5120K, 0% used [0x00000000d8700000,0x00000000d8700000,0x00000000d8c00000)
  to   space 5120K, 0% used [0x00000000d8200000,0x00000000d8200000,0x00000000d8700000)
 ParOldGen       total 86016K, used 0K [0x0000000082600000, 0x0000000087a00000, 0x00000000d6200000)
  object space 86016K, 0% used [0x0000000082600000,0x0000000082600000,0x0000000087a00000)
 Metaspace       used 777K, capacity 4480K, committed 4480K, reserved 1056768K
  class space    used 74K, capacity 384K, committed 384K, reserved 1048576K

Card table byte_map: [0x0000000011be0000,0x0000000011fd0000] byte_map_base: 0x00000000117cd000

Marking Bits: (ParMarkBitMap*) 0x000000006f20be50
 Begin Bits: [0x0000000012a70000, 0x00000000149d8000)
 End Bits:   [0x00000000149d8000, 0x0000000016940000)

Polling page: 0x0000000000870000

CodeCache: size=245760Kb used=328Kb max_used=328Kb free=245431Kb
 bounds [0x0000000002820000, 0x0000000002a90000, 0x0000000011820000]
 total_blobs=57 nmethods=0 adapters=38
 compilation: enabled

Compilation events (0 events):
No events

GC Heap History (0 events):
No events

Deoptimization events (0 events):
No events

Classes redefined (0 events):
No events

Internal exceptions (0 events):
No events

Events (10 events):
Event: 0.018 loading class java/lang/Short
Event: 0.018 loading class java/lang/Short done
Event: 0.018 loading class java/lang/Integer
Event: 0.018 loading class java/lang/Integer done
Event: 0.018 loading class java/lang/Long
Event: 0.018 loading class java/lang/Long done
Event: 0.018 loading class java/lang/NullPointerException
Event: 0.018 loading class java/lang/NullPointerException done
Event: 0.018 loading class java/lang/ArithmeticException
Event: 0.018 loading class java/lang/ArithmeticException done


Dynamic libraries:
0x00007ff73e3c0000 - 0x00007ff73e3f5000 	D:\Unity New Editor\2019.3.0f1\Editor\Data\PlaybackEngines\AndroidPlayer\OpenJDK\bin\java.exe
0x00007ffc6abe0000 - 0x00007ffc6add0000 	C:\WINDOWS\SYSTEM32\ntdll.dll
0x00007ffc69b20000 - 0x00007ffc69bd2000 	C:\WINDOWS\System32\KERNEL32.DLL
0x00007ffc681c0000 - 0x00007ffc68463000 	C:\WINDOWS\System32\KERNELBASE.dll
0x00007ffc6aa90000 - 0x00007ffc6ab33000 	C:\WINDOWS\System32\ADVAPI32.dll
0x00007ffc6a2a0000 - 0x00007ffc6a33e000 	C:\WINDOWS\System32\msvcrt.dll
0x00007ffc69ce0000 - 0x00007ffc69d77000 	C:\WINDOWS\System32\sechost.dll
0x00007ffc6a340000 - 0x00007ffc6a460000 	C:\WINDOWS\System32\RPCRT4.dll
0x00007ffc6a0d0000 - 0x00007ffc6a264000 	C:\WINDOWS\System32\USER32.dll
0x00007ffc680b0000 - 0x00007ffc680d1000 	C:\WINDOWS\System32\win32u.dll
0x00007ffc6a270000 - 0x00007ffc6a296000 	C:\WINDOWS\System32\GDI32.dll
0x00007ffc67e10000 - 0x00007ffc67fa4000 	C:\WINDOWS\System32\gdi32full.dll
0x00007ffc68bf0000 - 0x00007ffc68c8e000 	C:\WINDOWS\System32\msvcp_win.dll
0x00007ffc67fb0000 - 0x00007ffc680aa000 	C:\WINDOWS\System32\ucrtbase.dll
0x00007ffc55cc0000 - 0x00007ffc55f45000 	C:\WINDOWS\WinSxS\amd64_microsoft.windows.common-controls_6595b64144ccf1df_6.0.18362.476_none_e6c4b11b130f2595\COMCTL32.dll
0x00007ffc68e10000 - 0x00007ffc69146000 	C:\WINDOWS\System32\combase.dll
0x00007ffc68140000 - 0x00007ffc681c0000 	C:\WINDOWS\System32\bcryptPrimitives.dll
0x00007ffc68de0000 - 0x00007ffc68e0e000 	C:\WINDOWS\System32\IMM32.DLL
0x000000006f290000 - 0x000000006f362000 	D:\Unity New Editor\2019.3.0f1\Editor\Data\PlaybackEngines\AndroidPlayer\OpenJDK\jre\bin\msvcr100.dll
0x000000006ea40000 - 0x000000006f289000 	D:\Unity New Editor\2019.3.0f1\Editor\Data\PlaybackEngines\AndroidPlayer\OpenJDK\jre\bin\server\jvm.dll
0x00007ffc6a5b0000 - 0x00007ffc6a5b8000 	C:\WINDOWS\System32\PSAPI.DLL
0x00007ffc47f90000 - 0x00007ffc47f99000 	C:\WINDOWS\SYSTEM32\WSOCK32.dll
0x00007ffc64760000 - 0x00007ffc64784000 	C:\WINDOWS\SYSTEM32\WINMM.dll
0x00007ffc61730000 - 0x00007ffc6173a000 	C:\WINDOWS\SYSTEM32\VERSION.dll
0x00007ffc69f90000 - 0x00007ffc69fff000 	C:\WINDOWS\System32\WS2_32.dll
0x00007ffc64730000 - 0x00007ffc6475d000 	C:\WINDOWS\SYSTEM32\WINMMBASE.dll
0x00007ffc67cc0000 - 0x00007ffc67d0a000 	C:\WINDOWS\System32\cfgmgr32.dll
0x00007ffc58030000 - 0x00007ffc5803f000 	D:\Unity New Editor\2019.3.0f1\Editor\Data\PlaybackEngines\AndroidPlayer\OpenJDK\jre\bin\verify.dll
0x00007ffc50b30000 - 0x00007ffc50b59000 	D:\Unity New Editor\2019.3.0f1\Editor\Data\PlaybackEngines\AndroidPlayer\OpenJDK\jre\bin\java.dll
0x00007ffc50b10000 - 0x00007ffc50b26000 	D:\Unity New Editor\2019.3.0f1\Editor\Data\PlaybackEngines\AndroidPlayer\OpenJDK\jre\bin\zip.dll

VM Arguments:
java_command: <unknown>
java_class_path (initial): .
Launcher Type: SUN_STANDARD

Environment Variables:
PATH=C:\ProgramData\Oracle\Java\javapath;C:\Program Files (x86)\Intel\Intel(R) Management Engine Components\iCLS\;C:\Program Files\Intel\Intel(R) Management Engine Components\iCLS\;C:\Windows\system32;C:\Windows;C:\Windows\System32\Wbem;C:\Windows\System32\WindowsPowerShell\v1.0\;C:\Program Files (x86)\Intel\Intel(R) Management Engine Components\DAL;C:\Program Files\Intel\Intel(R) Management Engine Components\DAL;C:\Program Files (x86)\Intel\Intel(R) Management Engine Components\IPT;C:\Program Files\Intel\Intel(R) Management Engine Components\IPT;C:\Program Files (x86)\NVIDIA Corporation\PhysX\Common;C:\Program Files\Intel\WiFi\bin\;C:\Program Files\Common Files\Intel\WirelessCommon\;C:\WINDOWS\system32;C:\WINDOWS;C:\WINDOWS\System32\Wbem;C:\WINDOWS\System32\WindowsPowerShell\v1.0\;C:\WINDOWS\System32\OpenSSH\;C:\Program Files\NVIDIA Corporation\NVIDIA NvDLISR;C:\Program Files (x86)\GtkSharp\2.12\bin;D:\Matlab 2019a\runtime\win64;D:\Matlab 2019a\bin;C:\Program Files\Common Files\Autodesk Shared\;C:\Program Files\Microsoft SQL Server\120\Tools\Binn\;C:\Users\palla\AppData\Local\Programs\Python\Python38-32\Scripts\;C:\Users\palla\AppData\Local\Programs\Python\Python38-32\;C:\python\Scripts\;C:\python\;C:\Users\palla\AppData\Local\Microsoft\WindowsApps;C:\Users\palla\.dotnet\tools;C:\Users\palla\AppData\Local\Microsoft\WindowsApps;D:\PyCharm Community Edition 2019.2.4\bin;D:\Microsoft VS Code\bin
USERNAME=palla
OS=Windows_NT
PROCESSOR_IDENTIFIER=Intel64 Family 6 Model 158 Stepping 10, GenuineIntel



---------------  S Y S T E M  ---------------

OS: Windows 10.0 , 64 bit Build 18362 (10.0.18362.329)

CPU:total 8 (initial active 8) (4 cores per cpu, 2 threads per core) family 6 model 158 stepping 10, cmov, cx8, fxsr, mmx, sse, sse2, sse3, ssse3, sse4.1, sse4.2, popcnt, avx, avx2, aes, clmul, erms, 3dnowpref, lzcnt, ht, tsc, tscinvbit, bmi1, bmi2, adx

Memory: 4k page, physical 8227124k(1033812k free), swap 23709360k(4996k free)

vm_info: OpenJDK 64-Bit Server VM (25.71-b00) for windows-amd64 JRE (1.8.0-adoptopenjdk-_2018_05_19_00_59-b00), built on May 19 2018 01:02:12 by "jenkins" with MS VC++ 10.0 (VS2010)

time: Sat Jan 11 15:10:24 2020
elapsed time: 0 seconds (0d 0h 0m 0s)

